[main] 2021-08-17 11:42:48 INFO  com.app.Main  - --------------------------------------
[main] 2021-08-17 11:42:48 INFO  com.app.Main  - Welcome to console based ecommerce app
[main] 2021-08-17 11:42:48 INFO  com.app.Main  - --------------------------------------
[main] 2021-08-17 11:49:42 INFO  com.app.Main  - --------------------------------------
[main] 2021-08-17 11:49:42 INFO  com.app.Main  - Welcome To Console Based Ecommerce App
[main] 2021-08-17 11:49:42 INFO  com.app.Main  - --------------------------------------
[main] 2021-08-17 11:49:42 INFO  com.app.Main  - 1) Login as customer
[main] 2021-08-17 11:49:42 INFO  com.app.Main  - 2) Login as Employee
[main] 2021-08-17 11:49:42 INFO  com.app.Main  - 3) Register as Employee
[main] 2021-08-17 11:49:42 INFO  com.app.Main  - 4) Exit
[main] 2021-08-17 11:49:42 INFO  com.app.Main  - Enter your choice between 1-4
[main] 2021-08-17 11:49:47 INFO  com.app.Main  - Work under construction
[main] 2021-08-17 11:49:47 INFO  com.app.Main  - 1) Login as customer
[main] 2021-08-17 11:49:47 INFO  com.app.Main  - 2) Login as Employee
[main] 2021-08-17 11:49:47 INFO  com.app.Main  - 3) Register as Employee
[main] 2021-08-17 11:49:47 INFO  com.app.Main  - 4) Exit
[main] 2021-08-17 11:49:47 INFO  com.app.Main  - Enter your choice between 1-4
[main] 2021-08-17 11:49:50 INFO  com.app.Main  - Work under construction
[main] 2021-08-17 11:49:50 INFO  com.app.Main  - 1) Login as customer
[main] 2021-08-17 11:49:50 INFO  com.app.Main  - 2) Login as Employee
[main] 2021-08-17 11:49:50 INFO  com.app.Main  - 3) Register as Employee
[main] 2021-08-17 11:49:50 INFO  com.app.Main  - 4) Exit
[main] 2021-08-17 11:49:50 INFO  com.app.Main  - Enter your choice between 1-4
[main] 2021-08-17 11:49:52 INFO  com.app.Main  - Work under construction
[main] 2021-08-17 11:49:52 INFO  com.app.Main  - 1) Login as customer
[main] 2021-08-17 11:49:52 INFO  com.app.Main  - 2) Login as Employee
[main] 2021-08-17 11:49:52 INFO  com.app.Main  - 3) Register as Employee
[main] 2021-08-17 11:49:52 INFO  com.app.Main  - 4) Exit
[main] 2021-08-17 11:49:52 INFO  com.app.Main  - Enter your choice between 1-4
[main] 2021-08-17 11:51:11 INFO  com.app.Main  - --------------------------------------
[main] 2021-08-17 11:51:11 INFO  com.app.Main  - Welcome To Console Based Ecommerce App
[main] 2021-08-17 11:51:11 INFO  com.app.Main  - --------------------------------------
[main] 2021-08-17 11:51:11 INFO  com.app.Main  - 1) Login as customer
[main] 2021-08-17 11:51:11 INFO  com.app.Main  - 2) Login as Employee
[main] 2021-08-17 11:51:11 INFO  com.app.Main  - 3) Register as Employee
[main] 2021-08-17 11:51:11 INFO  com.app.Main  - 4) Exit
[main] 2021-08-17 11:51:11 INFO  com.app.Main  - Enter your choice between 1-4
[main] 2021-08-17 11:51:16 INFO  com.app.Main  - Work under construction
[main] 2021-08-17 11:51:16 INFO  com.app.Main  - 1) Login as customer
[main] 2021-08-17 11:51:16 INFO  com.app.Main  - 2) Login as Employee
[main] 2021-08-17 11:51:16 INFO  com.app.Main  - 3) Register as Employee
[main] 2021-08-17 11:51:16 INFO  com.app.Main  - 4) Exit
[main] 2021-08-17 11:51:16 INFO  com.app.Main  - Enter your choice between 1-4
[main] 2021-08-17 11:51:17 INFO  com.app.Main  - Work under construction
[main] 2021-08-17 11:51:17 INFO  com.app.Main  - 1) Login as customer
[main] 2021-08-17 11:51:17 INFO  com.app.Main  - 2) Login as Employee
[main] 2021-08-17 11:51:17 INFO  com.app.Main  - 3) Register as Employee
[main] 2021-08-17 11:51:17 INFO  com.app.Main  - 4) Exit
[main] 2021-08-17 11:51:17 INFO  com.app.Main  - Enter your choice between 1-4
[main] 2021-08-17 11:51:18 INFO  com.app.Main  - Work under construction
[main] 2021-08-17 11:51:18 INFO  com.app.Main  - 1) Login as customer
[main] 2021-08-17 11:51:18 INFO  com.app.Main  - 2) Login as Employee
[main] 2021-08-17 11:51:18 INFO  com.app.Main  - 3) Register as Employee
[main] 2021-08-17 11:51:18 INFO  com.app.Main  - 4) Exit
[main] 2021-08-17 11:51:18 INFO  com.app.Main  - Enter your choice between 1-4
[main] 2021-08-17 11:55:14 INFO  com.app.Main  - --------------------------------------
[main] 2021-08-17 11:55:14 INFO  com.app.Main  - Welcome To Console Based Ecommerce App
[main] 2021-08-17 11:55:14 INFO  com.app.Main  - --------------------------------------
[main] 2021-08-17 11:55:14 INFO  com.app.Main  - 1) Login as customer
[main] 2021-08-17 11:55:14 INFO  com.app.Main  - 2) Login as Employee
[main] 2021-08-17 11:55:14 INFO  com.app.Main  - 3) Register as Employee
[main] 2021-08-17 11:55:14 INFO  com.app.Main  - 4) Exit
[main] 2021-08-17 11:55:14 INFO  com.app.Main  - Enter your choice between 1-4
[main] 2021-08-17 11:55:23 INFO  com.app.Main  - Work under construction
[main] 2021-08-17 11:55:23 INFO  com.app.Main  - 1) Login as customer
[main] 2021-08-17 11:55:23 INFO  com.app.Main  - 2) Login as Employee
[main] 2021-08-17 11:55:23 INFO  com.app.Main  - 3) Register as Employee
[main] 2021-08-17 11:55:23 INFO  com.app.Main  - 4) Exit
[main] 2021-08-17 11:55:23 INFO  com.app.Main  - Enter your choice between 1-4
[main] 2021-08-17 12:21:34 INFO  com.app.Main  - --------------------------------------
[main] 2021-08-17 12:21:34 INFO  com.app.Main  - Welcome To Console Based Ecommerce App
[main] 2021-08-17 12:21:34 INFO  com.app.Main  - --------------------------------------
[main] 2021-08-17 12:21:34 INFO  com.app.Main  - 1) Login as customer
[main] 2021-08-17 12:21:34 INFO  com.app.Main  - 2) Login as Employee
[main] 2021-08-17 12:21:34 INFO  com.app.Main  - 3) Register as Employee
[main] 2021-08-17 12:21:34 INFO  com.app.Main  - 4) Exit
[main] 2021-08-17 12:21:34 INFO  com.app.Main  - Enter your choice between 1-4
[main] 2021-08-17 12:21:42 INFO  com.app.Main  - Work under construction
[main] 2021-08-17 12:21:42 INFO  com.app.Main  - 1) Login as customer
[main] 2021-08-17 12:21:42 INFO  com.app.Main  - 2) Login as Employee
[main] 2021-08-17 12:21:42 INFO  com.app.Main  - 3) Register as Employee
[main] 2021-08-17 12:21:42 INFO  com.app.Main  - 4) Exit
[main] 2021-08-17 12:21:42 INFO  com.app.Main  - Enter your choice between 1-4
[main] 2021-08-17 12:21:43 INFO  com.app.Main  - Work under construction
[main] 2021-08-17 12:21:43 INFO  com.app.Main  - 1) Login as customer
[main] 2021-08-17 12:21:43 INFO  com.app.Main  - 2) Login as Employee
[main] 2021-08-17 12:21:43 INFO  com.app.Main  - 3) Register as Employee
[main] 2021-08-17 12:21:43 INFO  com.app.Main  - 4) Exit
[main] 2021-08-17 12:21:43 INFO  com.app.Main  - Enter your choice between 1-4
[main] 2021-08-17 12:21:44 INFO  com.app.Main  - Work under construction
[main] 2021-08-17 12:21:44 INFO  com.app.Main  - 1) Login as customer
[main] 2021-08-17 12:21:44 INFO  com.app.Main  - 2) Login as Employee
[main] 2021-08-17 12:21:44 INFO  com.app.Main  - 3) Register as Employee
[main] 2021-08-17 12:21:44 INFO  com.app.Main  - 4) Exit
[main] 2021-08-17 12:21:44 INFO  com.app.Main  - Enter your choice between 1-4
[main] 2021-08-17 14:54:54 INFO  com.app.Main  - --------------------------------------
[main] 2021-08-17 14:54:54 INFO  com.app.Main  - Welcome To Console Based Ecommerce App
[main] 2021-08-17 14:54:54 INFO  com.app.Main  - --------------------------------------
[main] 2021-08-17 14:54:54 INFO  com.app.Main  - 1) Login as customer
[main] 2021-08-17 14:54:54 INFO  com.app.Main  - 2) Login as Employee
[main] 2021-08-17 14:54:54 INFO  com.app.Main  - 3) Register as Employee
[main] 2021-08-17 14:54:54 INFO  com.app.Main  - 4) Exit
[main] 2021-08-17 14:54:54 INFO  com.app.Main  - Enter your choice between 1-4
[main] 2021-08-17 14:55:00 INFO  com.app.Main  - Work under construction
[main] 2021-08-17 14:55:00 INFO  com.app.Main  - 1) Login as customer
[main] 2021-08-17 14:55:00 INFO  com.app.Main  - 2) Login as Employee
[main] 2021-08-17 14:55:00 INFO  com.app.Main  - 3) Register as Employee
[main] 2021-08-17 14:55:00 INFO  com.app.Main  - 4) Exit
[main] 2021-08-17 14:55:00 INFO  com.app.Main  - Enter your choice between 1-4
[main] 2021-08-17 14:55:00 INFO  com.app.Main  - Work under construction
[main] 2021-08-17 14:55:00 INFO  com.app.Main  - 1) Login as customer
[main] 2021-08-17 14:55:00 INFO  com.app.Main  - 2) Login as Employee
[main] 2021-08-17 14:55:00 INFO  com.app.Main  - 3) Register as Employee
[main] 2021-08-17 14:55:00 INFO  com.app.Main  - 4) Exit
[main] 2021-08-17 14:55:00 INFO  com.app.Main  - Enter your choice between 1-4
[main] 2021-08-17 14:55:01 INFO  com.app.Main  - Work under construction
[main] 2021-08-17 14:55:01 INFO  com.app.Main  - 1) Login as customer
[main] 2021-08-17 14:55:01 INFO  com.app.Main  - 2) Login as Employee
[main] 2021-08-17 14:55:01 INFO  com.app.Main  - 3) Register as Employee
[main] 2021-08-17 14:55:01 INFO  com.app.Main  - 4) Exit
[main] 2021-08-17 14:55:01 INFO  com.app.Main  - Enter your choice between 1-4
