[main] 2021-08-18 13:33:26 INFO  com.app.Main  - --------------------------------------
[main] 2021-08-18 13:33:26 INFO  com.app.Main  - Welcome To Console Based Ecommerce App
[main] 2021-08-18 13:33:26 INFO  com.app.Main  - --------------------------------------
[main] 2021-08-18 13:33:26 INFO  com.app.Main  - 1) Login as customer
[main] 2021-08-18 13:33:26 INFO  com.app.Main  - 2) Login as Employee
[main] 2021-08-18 13:33:26 INFO  com.app.Main  - 3) Register as Employee
[main] 2021-08-18 13:33:26 INFO  com.app.Main  - 4) Exit
[main] 2021-08-18 13:33:26 INFO  com.app.Main  - Enter your choice between 1-4
[main] 2021-08-18 13:33:33 INFO  com.app.Main  - Work under construction
[main] 2021-08-18 13:33:33 INFO  com.app.Main  - 1) Login as customer
[main] 2021-08-18 13:33:33 INFO  com.app.Main  - 2) Login as Employee
[main] 2021-08-18 13:33:33 INFO  com.app.Main  - 3) Register as Employee
[main] 2021-08-18 13:33:33 INFO  com.app.Main  - 4) Exit
[main] 2021-08-18 13:33:33 INFO  com.app.Main  - Enter your choice between 1-4
[main] 2021-08-18 13:33:35 INFO  com.app.Main  - Work under construction
[main] 2021-08-18 13:33:35 INFO  com.app.Main  - 1) Login as customer
[main] 2021-08-18 13:33:35 INFO  com.app.Main  - 2) Login as Employee
[main] 2021-08-18 13:33:35 INFO  com.app.Main  - 3) Register as Employee
[main] 2021-08-18 13:33:35 INFO  com.app.Main  - 4) Exit
[main] 2021-08-18 13:33:35 INFO  com.app.Main  - Enter your choice between 1-4
[main] 2021-08-18 13:33:36 INFO  com.app.Main  - Work under construction
[main] 2021-08-18 13:33:36 INFO  com.app.Main  - 1) Login as customer
[main] 2021-08-18 13:33:36 INFO  com.app.Main  - 2) Login as Employee
[main] 2021-08-18 13:33:36 INFO  com.app.Main  - 3) Register as Employee
[main] 2021-08-18 13:33:36 INFO  com.app.Main  - 4) Exit
[main] 2021-08-18 13:33:36 INFO  com.app.Main  - Enter your choice between 1-4
[main] 2021-08-18 13:33:38 INFO  com.app.Main  - Entry is not appropriate. Please enter a valid choice

[main] 2021-08-18 13:33:38 INFO  com.app.Main  - 1) Login as customer
[main] 2021-08-18 13:33:38 INFO  com.app.Main  - 2) Login as Employee
[main] 2021-08-18 13:33:38 INFO  com.app.Main  - 3) Register as Employee
[main] 2021-08-18 13:33:38 INFO  com.app.Main  - 4) Exit
[main] 2021-08-18 13:33:38 INFO  com.app.Main  - Enter your choice between 1-4
[main] 2021-08-18 13:49:07 INFO  com.app.Main  - --------------------------------------
[main] 2021-08-18 13:49:07 INFO  com.app.Main  - Welcome To Console Based Ecommerce App
[main] 2021-08-18 13:49:07 INFO  com.app.Main  - --------------------------------------
[main] 2021-08-18 13:49:07 INFO  com.app.Main  - 1) Login as customer
[main] 2021-08-18 13:49:07 INFO  com.app.Main  - 2) Login as Employee
[main] 2021-08-18 13:49:07 INFO  com.app.Main  - 3) Register as Employee
[main] 2021-08-18 13:49:07 INFO  com.app.Main  - 4) Exit
[main] 2021-08-18 13:49:07 INFO  com.app.Main  - Enter your choice between 1-4
[main] 2021-08-18 13:49:16 INFO  com.app.Main  - Work under construction
[main] 2021-08-18 13:49:16 INFO  com.app.Main  - 1) Login as customer
[main] 2021-08-18 13:49:16 INFO  com.app.Main  - 2) Login as Employee
[main] 2021-08-18 13:49:16 INFO  com.app.Main  - 3) Register as Employee
[main] 2021-08-18 13:49:16 INFO  com.app.Main  - 4) Exit
[main] 2021-08-18 13:49:16 INFO  com.app.Main  - Enter your choice between 1-4
[main] 2021-08-18 13:49:19 INFO  com.app.Main  - Enter your employee id: 
[main] 2021-08-18 13:49:25 INFO  com.app.Main  - Enter your password: 
[main] 2021-08-18 13:49:39 INFO  com.app.Main  - Login Successful!
[main] 2021-08-18 13:49:39 INFO  com.app.Main  - Work under construction
[main] 2021-08-18 13:49:39 INFO  com.app.Main  - 1) Login as customer
[main] 2021-08-18 13:49:39 INFO  com.app.Main  - 2) Login as Employee
[main] 2021-08-18 13:49:39 INFO  com.app.Main  - 3) Register as Employee
[main] 2021-08-18 13:49:39 INFO  com.app.Main  - 4) Exit
[main] 2021-08-18 13:49:39 INFO  com.app.Main  - Enter your choice between 1-4
[main] 2021-08-18 16:31:14 ERROR com.app.dao.impl.CustomerDAOImpl  - java.sql.SQLSyntaxErrorException: Table 'ecom_console_db.customer' doesn't exist
[main] 2021-08-18 16:31:14 ERROR com.app.Main  - Sign up failed, please try again or contact sysadmin
[main] 2021-08-18 16:31:14 ERROR com.app.Main  - com.app.businessException.BusinessException: Sign up failed! please contact sysadmin or try again.
[main] 2021-08-18 16:39:48 ERROR com.app.dao.impl.CustomerDAOImpl  - java.sql.SQLSyntaxErrorException: Table 'ecom_console_db.customer' doesn't exist
[main] 2021-08-18 16:39:48 ERROR com.app.Main  - Sign up failed, please try again or contact sysadmin
[main] 2021-08-18 16:39:48 ERROR com.app.Main  - com.app.businessException.BusinessException: Sign up failed! please contact sysadmin or try again.
[main] 2021-08-18 16:57:41 INFO  com.app.Main  - false
[main] 2021-08-18 17:00:53 INFO  com.app.Main  - false
[main] 2021-08-18 17:01:21 INFO  com.app.Main  - false
[main] 2021-08-18 18:52:15 INFO  com.app.Main  - false
[main] 2021-08-18 18:57:53 INFO  com.app.Main  - false
[main] 2021-08-18 18:59:00 INFO  com.app.Main  - false
[main] 2021-08-18 19:00:29 INFO  com.app.Main  - false
[main] 2021-08-18 19:06:40 INFO  com.app.Main  - false
[main] 2021-08-18 19:06:59 INFO  com.app.Main  - false
[main] 2021-08-18 19:07:11 INFO  com.app.Main  - false
[main] 2021-08-18 19:09:22 INFO  com.app.Main  - false
[main] 2021-08-18 19:12:32 INFO  com.app.dao.impl.CustomerDAOImpl  - baka$2a$12$eNgW16iG4eFm7JRD4sQpNequ3IzGraZORr8cgQQ82RWj/BU181WCS
[main] 2021-08-18 19:12:32 INFO  com.app.dao.impl.CustomerDAOImpl  - baka$2a$12$eNgW16iG4eFm7JRD4sQpNequ3IzGraZORr8cgQQ82RWj/BU181WCS
[main] 2021-08-18 19:12:32 INFO  com.app.Main  - false
[main] 2021-08-18 19:13:14 INFO  com.app.dao.impl.CustomerDAOImpl  - $2a$12$eNgW16iG4eFm7JRD4sQpNequ3IzGraZORr8cgQQ82RWj/BU181WCS
[main] 2021-08-18 19:13:14 INFO  com.app.dao.impl.CustomerDAOImpl  - $2a$12$eNgW16iG4eFm7JRD4sQpNequ3IzGraZORr8cgQQ82RWj/BU181WCS
[main] 2021-08-18 19:13:15 INFO  com.app.Main  - true
[main] 2021-08-18 19:13:33 INFO  com.app.dao.impl.CustomerDAOImpl  - $2a$12$eNgW16iG4eFm7JRD4sQpNequ3IzGraZORr8cgQQ82RWj/BU181WCS
[main] 2021-08-18 19:13:33 INFO  com.app.dao.impl.CustomerDAOImpl  - $2a$12$eNgW16iG4eFm7JRD4sQpNequ3IzGraZORr8cgQQ82RWj/BU181WCS
[main] 2021-08-18 19:13:34 INFO  com.app.Main  - false
